<?xml version="1.0" encoding="UTF-8"?>
<testng-results ignored="0" total="7" passed="7" failed="0" skipped="0">
  <reporter-output>
  </reporter-output>
  <suite started-at="2023-11-24T12:09:15 GMT" name="Suite" finished-at="2023-11-24T12:10:00 GMT" duration-ms="45689">
    <groups>
      <group name="cucumber">
        <method signature="AbstractTestNGCucumberTests.runScenario(io.cucumber.testng.PickleWrapper, io.cucumber.testng.FeatureWrapper)[pri:0, instance:tests.TestRunner2@66498326]" name="runScenario" class="io.cucumber.testng.AbstractTestNGCucumberTests"/>
        <method signature="AbstractTestNGCucumberTests.runScenario(io.cucumber.testng.PickleWrapper, io.cucumber.testng.FeatureWrapper)[pri:0, instance:tests.TestRunner3@cad498c]" name="runScenario" class="io.cucumber.testng.AbstractTestNGCucumberTests"/>
      </group> <!-- cucumber -->
    </groups>
    <test started-at="2023-11-24T12:09:15 GMT" name="Test" finished-at="2023-11-24T12:10:00 GMT" duration-ms="45689">
      <class name="tests.TestRunner3">
        <test-method is-config="true" signature="setUpClass(org.testng.ITestContext)[pri:0, instance:tests.TestRunner3@cad498c]" started-at="2023-11-24T12:09:15 GMT" name="setUpClass" finished-at="2023-11-24T12:09:16 GMT" duration-ms="1412" status="PASS">
          <params>
            <param index="0">
              <value>
                <![CDATA[org.testng.TestRunner@76a4ebf2]]>
              </value>
            </param>
          </params>
          <reporter-output>
          </reporter-output>
        </test-method> <!-- setUpClass -->
        <test-method signature="runScenario(io.cucumber.testng.PickleWrapper, io.cucumber.testng.FeatureWrapper)[pri:0, instance:tests.TestRunner3@cad498c]" started-at="2023-11-24T12:09:16 GMT" name="runScenario" description="Runs Cucumber Scenarios" data-provider="scenarios" finished-at="2023-11-24T12:09:32 GMT" duration-ms="16183" status="PASS">
          <params>
            <param index="0">
              <value>
                <![CDATA["Verify that after successful registration, user sees the Dashboard Page with a personalised greeting and a list of 5 jobs"]]>
              </value>
            </param>
            <param index="1">
              <value>
                <![CDATA["End-to-end test scenarios for Registration and Dashboard page functionality"]]>
              </value>
            </param>
          </params>
          <reporter-output>
          </reporter-output>
        </test-method> <!-- runScenario -->
        <test-method signature="runScenario(io.cucumber.testng.PickleWrapper, io.cucumber.testng.FeatureWrapper)[pri:0, instance:tests.TestRunner3@cad498c]" started-at="2023-11-24T12:09:32 GMT" name="runScenario" description="Runs Cucumber Scenarios" data-provider="scenarios" finished-at="2023-11-24T12:09:37 GMT" duration-ms="4829" status="PASS">
          <params>
            <param index="0">
              <value>
                <![CDATA["Verify that after successful registration, user sees the Dashboard Page with a personalised greeting and a list of 5 jobs"]]>
              </value>
            </param>
            <param index="1">
              <value>
                <![CDATA["End-to-end test scenarios for Registration and Dashboard page functionality"]]>
              </value>
            </param>
          </params>
          <reporter-output>
          </reporter-output>
        </test-method> <!-- runScenario -->
        <test-method signature="runScenario(io.cucumber.testng.PickleWrapper, io.cucumber.testng.FeatureWrapper)[pri:0, instance:tests.TestRunner3@cad498c]" started-at="2023-11-24T12:09:37 GMT" name="runScenario" description="Runs Cucumber Scenarios" data-provider="scenarios" finished-at="2023-11-24T12:09:42 GMT" duration-ms="5102" status="PASS">
          <params>
            <param index="0">
              <value>
                <![CDATA["Verify that after successful registration, user sees the Dashboard Page with a personalised greeting and a list of 5 jobs"]]>
              </value>
            </param>
            <param index="1">
              <value>
                <![CDATA["End-to-end test scenarios for Registration and Dashboard page functionality"]]>
              </value>
            </param>
          </params>
          <reporter-output>
          </reporter-output>
        </test-method> <!-- runScenario -->
        <test-method signature="runScenario(io.cucumber.testng.PickleWrapper, io.cucumber.testng.FeatureWrapper)[pri:0, instance:tests.TestRunner3@cad498c]" started-at="2023-11-24T12:09:42 GMT" name="runScenario" description="Runs Cucumber Scenarios" data-provider="scenarios" finished-at="2023-11-24T12:09:48 GMT" duration-ms="5400" status="PASS">
          <params>
            <param index="0">
              <value>
                <![CDATA["Verify that after successful registration, user sees the Dashboard Page with a personalised greeting and a list of 5 jobs"]]>
              </value>
            </param>
            <param index="1">
              <value>
                <![CDATA["End-to-end test scenarios for Registration and Dashboard page functionality"]]>
              </value>
            </param>
          </params>
          <reporter-output>
          </reporter-output>
        </test-method> <!-- runScenario -->
        <test-method signature="runScenario(io.cucumber.testng.PickleWrapper, io.cucumber.testng.FeatureWrapper)[pri:0, instance:tests.TestRunner3@cad498c]" started-at="2023-11-24T12:09:48 GMT" name="runScenario" description="Runs Cucumber Scenarios" data-provider="scenarios" finished-at="2023-11-24T12:09:52 GMT" duration-ms="4535" status="PASS">
          <params>
            <param index="0">
              <value>
                <![CDATA["Verify that after successful registration, user sees the Dashboard Page with a personalised greeting and a list of 5 jobs"]]>
              </value>
            </param>
            <param index="1">
              <value>
                <![CDATA["End-to-end test scenarios for Registration and Dashboard page functionality"]]>
              </value>
            </param>
          </params>
          <reporter-output>
          </reporter-output>
        </test-method> <!-- runScenario -->
        <test-method is-config="true" signature="tearDownClass()[pri:0, instance:tests.TestRunner3@cad498c]" started-at="2023-11-24T12:09:52 GMT" name="tearDownClass" finished-at="2023-11-24T12:09:52 GMT" duration-ms="85" status="PASS">
          <reporter-output>
          </reporter-output>
        </test-method> <!-- tearDownClass -->
      </class> <!-- tests.TestRunner3 -->
      <class name="tests.TestRunner2">
        <test-method is-config="true" signature="setUpClass(org.testng.ITestContext)[pri:0, instance:tests.TestRunner2@66498326]" started-at="2023-11-24T12:09:15 GMT" name="setUpClass" finished-at="2023-11-24T12:09:16 GMT" duration-ms="1412" status="PASS">
          <params>
            <param index="0">
              <value>
                <![CDATA[org.testng.TestRunner@76a4ebf2]]>
              </value>
            </param>
          </params>
          <reporter-output>
          </reporter-output>
        </test-method> <!-- setUpClass -->
        <test-method signature="runScenario(io.cucumber.testng.PickleWrapper, io.cucumber.testng.FeatureWrapper)[pri:0, instance:tests.TestRunner2@66498326]" started-at="2023-11-24T12:09:16 GMT" name="runScenario" description="Runs Cucumber Scenarios" data-provider="scenarios" finished-at="2023-11-24T12:09:43 GMT" duration-ms="27163" status="PASS">
          <params>
            <param index="0">
              <value>
                <![CDATA["Verify that on entering invalid email address, validation error message is displayed to the user"]]>
              </value>
            </param>
            <param index="1">
              <value>
                <![CDATA["End-to-end test scenarios for Registration and Dashboard page functionality"]]>
              </value>
            </param>
          </params>
          <reporter-output>
          </reporter-output>
        </test-method> <!-- runScenario -->
        <test-method signature="runScenario(io.cucumber.testng.PickleWrapper, io.cucumber.testng.FeatureWrapper)[pri:0, instance:tests.TestRunner2@66498326]" started-at="2023-11-24T12:09:43 GMT" name="runScenario" description="Runs Cucumber Scenarios" data-provider="scenarios" finished-at="2023-11-24T12:10:00 GMT" duration-ms="16992" status="PASS">
          <params>
            <param index="0">
              <value>
                <![CDATA["Verify that if Password and Confirm password are not the same or not atleast 8 characters, validation error message is displayed"]]>
              </value>
            </param>
            <param index="1">
              <value>
                <![CDATA["End-to-end test scenarios for Registration and Dashboard page functionality"]]>
              </value>
            </param>
          </params>
          <reporter-output>
          </reporter-output>
        </test-method> <!-- runScenario -->
        <test-method is-config="true" signature="tearDownClass()[pri:0, instance:tests.TestRunner2@66498326]" started-at="2023-11-24T12:10:00 GMT" name="tearDownClass" finished-at="2023-11-24T12:10:00 GMT" duration-ms="38" status="PASS">
          <reporter-output>
          </reporter-output>
        </test-method> <!-- tearDownClass -->
      </class> <!-- tests.TestRunner2 -->
    </test> <!-- Test -->
  </suite> <!-- Suite -->
</testng-results>
